<?xml version="1.0" encoding="UTF-8"?>
<!-- Generated by org.testng.reporters.JUnitReportReporter -->
<testsuite hostname="Active38" failures="0" tests="1" name="Assertions.CallMethods" time="0.170" errors="0" timestamp="2023-08-28T17:51:43 IST" skipped="0">
  <testcase classname="Assertions.CallMethods" name="PrintMethod" time="0.170"/>
  <system-out/>
</testsuite> <!-- Assertions.CallMethods -->
