<?xml version="1.0" encoding="UTF-8"?>
<!-- Generated by org.testng.reporters.JUnitReportReporter -->
<testsuite hostname="Active38" failures="0" tests="1" name="torr2.Waits" time="7.831" errors="0" timestamp="2023-07-20T15:44:11 IST" skipped="0">
  <testcase classname="torr2.Waits" name="testWait" time="7.831"/>
  <system-out/>
</testsuite> <!-- torr2.Waits -->
