<?xml version="1.0" encoding="UTF-8"?>
<!-- Generated by org.testng.reporters.JUnitReportReporter -->
<testsuite hostname="Active38" failures="0" tests="1" name="javapractise.ForLoop" time="0.006" errors="0" timestamp="2023-08-04T12:52:01 IST" skipped="0">
  <testcase classname="javapractise.ForLoop" name="forloop" time="0.006"/>
  <system-out/>
</testsuite> <!-- javapractise.ForLoop -->
