<?xml version="1.0" encoding="UTF-8"?>
<!-- Generated by org.testng.reporters.JUnitReportReporter -->
<testsuite hostname="Active38" failures="0" tests="1" name="torr2.Assertions" time="0.010" errors="0" timestamp="2023-08-05T12:56:39 IST" skipped="0">
  <testcase classname="torr2.Assertions" name="assertions" time="0.010"/>
  <system-out/>
</testsuite> <!-- torr2.Assertions -->
