<?xml version="1.0" encoding="UTF-8"?>
<!-- Generated by org.testng.reporters.JUnitReportReporter -->
<testsuite hostname="Active38" failures="0" tests="1" name="torr2.Cookies" time="4.866" errors="0" timestamp="2023-07-17T15:26:00 IST" skipped="0">
  <testcase classname="torr2.Cookies" name="manageCookies" time="4.866"/>
  <system-out/>
</testsuite> <!-- torr2.Cookies -->
