<?xml version="1.0" encoding="UTF-8"?>
<!-- Generated by org.testng.reporters.JUnitReportReporter -->
<testsuite hostname="Active38" failures="0" tests="1" name="torr.RobotClass" time="22.942" errors="0" timestamp="2023-08-08T16:13:25 IST" skipped="0">
  <testcase classname="torr.RobotClass" name="execution" time="22.942"/>
  <system-out/>
</testsuite> <!-- torr.RobotClass -->
