<?xml version="1.0" encoding="UTF-8"?>
<!-- Generated by org.testng.reporters.JUnitReportReporter -->
<testsuite hostname="Active38" failures="0" tests="7" name="Assertions.Testng_Priority" time="0.022" errors="0" timestamp="2023-08-07T16:17:29 IST" skipped="1">
  <testcase classname="Assertions.Testng_Priority" name="bregisterTest" time="0.007"/>
  <system-out/>
  <testcase classname="Assertions.Testng_Priority" name="cloginTest" time="0.002"/>
  <system-out/>
  <testcase classname="Assertions.Testng_Priority" name="cloginTest" time="0.001"/>
  <system-out/>
  <testcase classname="Assertions.Testng_Priority" name="cloginTest" time="0.002"/>
  <system-out/>
  <testcase classname="Assertions.Testng_Priority" name="cloginTest" time="0.009"/>
  <system-out/>
  <testcase classname="Assertions.Testng_Priority" name="cloginTest" time="0.001"/>
  <system-out/>
  <testcase classname="Assertions.Testng_Priority" name="alogoutTest">
    <skipped/>
  </testcase> <!-- alogoutTest -->
  <system-out/>
</testsuite> <!-- Assertions.Testng_Priority -->
