<?xml version="1.0" encoding="UTF-8"?>
<!-- Generated by org.testng.reporters.JUnitReportReporter -->
<testsuite hostname="Active38" failures="0" tests="1" name="torr2.SandeepFrame" time="15.801" errors="0" timestamp="2023-07-28T16:12:59 IST" skipped="0">
  <testcase classname="torr2.SandeepFrame" name="Dragdropfunctionality" time="15.801"/>
  <system-out/>
</testsuite> <!-- torr2.SandeepFrame -->
