<?xml version="1.0" encoding="UTF-8"?>
<!-- Generated by org.testng.reporters.JUnitReportReporter -->
<testsuite hostname="Active38" failures="0" tests="1" name="torr2.Tab_Handle" time="12.829" errors="0" timestamp="2023-07-24T18:04:50 IST" skipped="0">
  <testcase classname="torr2.Tab_Handle" name="test" time="12.829"/>
  <system-out/>
</testsuite> <!-- torr2.Tab_Handle -->
