<?xml version="1.0" encoding="UTF-8"?>
<!-- Generated by org.testng.reporters.JUnitReportReporter -->
<testsuite hostname="Active38" failures="0" tests="1" name="torr.JavascriptscreenShot" time="3.750" errors="0" timestamp="2023-07-13T15:10:13 IST" skipped="0">
  <testcase classname="torr.JavascriptscreenShot" name="javaBorder" time="3.750"/>
  <system-out/>
</testsuite> <!-- torr.JavascriptscreenShot -->
