<?xml version="1.0" encoding="UTF-8"?>
<!-- Generated by org.testng.reporters.JUnitReportReporter -->
<testsuite hostname="Active38" failures="0" tests="1" name="Assertions.AssertPrograms" time="3.419" errors="0" timestamp="2023-08-07T10:13:55 IST" skipped="0">
  <testcase classname="Assertions.AssertPrograms" name="assertTest" time="3.419"/>
  <system-out/>
</testsuite> <!-- Assertions.AssertPrograms -->
