<?xml version="1.0" encoding="UTF-8"?>
<!-- Generated by org.testng.reporters.JUnitReportReporter -->
<testsuite hostname="Active38" failures="0" tests="1" name="javapractise.IfElse" time="0.009" errors="0" timestamp="2023-08-04T12:21:33 IST" skipped="0">
  <testcase classname="javapractise.IfElse" name="test" time="0.009"/>
  <system-out/>
</testsuite> <!-- javapractise.IfElse -->
