<?xml version="1.0" encoding="UTF-8"?>
<!-- Generated by org.testng.reporters.JUnitReportReporter -->
<testsuite hostname="Active38" failures="0" tests="2" name="Assertions.Testng_annotations" time="0.005" errors="0" timestamp="2023-08-07T15:33:51 IST" skipped="0">
  <testcase classname="Assertions.Testng_annotations" name="test2" time="0.001"/>
  <system-out/>
  <testcase classname="Assertions.Testng_annotations" name="test1" time="0.004"/>
  <system-out/>
</testsuite> <!-- Assertions.Testng_annotations -->
