<?xml version="1.0" encoding="UTF-8"?>
<!-- Generated by org.testng.reporters.JUnitReportReporter -->
<testsuite hostname="Active38" failures="0" tests="1" name="torr2.Pagination" time="17.122" errors="0" timestamp="2023-08-04T11:34:45 IST" skipped="0">
  <testcase classname="torr2.Pagination" name="pageTest" time="17.122"/>
  <system-out/>
</testsuite> <!-- torr2.Pagination -->
