<?xml version="1.0" encoding="UTF-8"?>
<!-- Generated by org.testng.reporters.JUnitReportReporter -->
<testsuite hostname="Active38" failures="0" tests="1" name="torr2.DisplayMethod" time="5.185" errors="0" timestamp="2023-07-27T15:18:50 IST" skipped="0">
  <testcase classname="torr2.DisplayMethod" name="isDisplaymethod" time="5.185"/>
  <system-out/>
</testsuite> <!-- torr2.DisplayMethod -->
